<?xml version="1.0" encoding="UTF-8"?>
<!-- Generated by org.testng.reporters.JUnitXMLReporter -->
<testsuite ignored="0" hostname="DESKTOP-20HAT1N" failures="0" tests="1" name="Test" time="52.925" errors="0" timestamp="2023-08-29T14:05:40 IST">
  <testcase classname="com.SwaglabDemo.pageobjects.BaseClass" name="@BeforeClass setup" time="52.803">
    <failure type="org.openqa.selenium.SessionNotCreatedException" message="session not created: This version of ChromeDriver only supports Chrome version 114
Current browser version is 116.0.5845.111 with binary path C:\Program Files\Google\Chrome\Application\chrome.exe
Build info: version: &amp;apos;3.141.59&amp;apos;, revision: &amp;apos;e82be7d358&amp;apos;, time: &amp;apos;2018-11-14T08:17:03&amp;apos;
System info: host: &amp;apos;DESKTOP-20HAT1N&amp;apos;, ip: &amp;apos;192.168.48.154&amp;apos;, os.name: &amp;apos;Windows 10&amp;apos;, os.arch: &amp;apos;amd64&amp;apos;, os.version: &amp;apos;10.0&amp;apos;, java.version: &amp;apos;17.0.7&amp;apos;
Driver info: driver.version: ChromeDriver
remote stacktrace: Backtrace:
	GetHandleVerifier [0x00A3A813+48355]
	(No symbol) [0x009CC4B1]
	(No symbol) [0x008D5358]
	(No symbol) [0x008F61AC]
	(No symbol) [0x008F1EF3]
	(No symbol) [0x008F0579]
	(No symbol) [0x00920C55]
	(No symbol) [0x0092093C]
	(No symbol) [0x0091A536]
	(No symbol) [0x008F82DC]
	(No symbol) [0x008F93DD]
	GetHandleVerifier [0x00C9AABD+2539405]
	GetHandleVerifier [0x00CDA78F+2800735]
	GetHandleVerifier [0x00CD456C+2775612]
	GetHandleVerifier [0x00AC51E0+616112]
	(No symbol) [0x009D5F8C]
	(No symbol) [0x009D2328]
	(No symbol) [0x009D240B]
	(No symbol) [0x009C4FF7]
	BaseThreadInitThunk [0x757900C9+25]
	RtlGetAppContainerNamedObjectPath [0x77357B1E+286]
	RtlGetAppContainerNamedObjectPath [0x77357AEE+238]
">
      <![CDATA[org.openqa.selenium.SessionNotCreatedException: session not created: This version of ChromeDriver only supports Chrome version 114
Current browser version is 116.0.5845.111 with binary path C:\Program Files\Google\Chrome\Application\chrome.exe
Build info: version: '3.141.59', revision: 'e82be7d358', time: '2018-11-14T08:17:03'
System info: host: 'DESKTOP-20HAT1N', ip: '192.168.48.154', os.name: 'Windows 10', os.arch: 'amd64', os.version: '10.0', java.version: '17.0.7'
Driver info: driver.version: ChromeDriver
remote stacktrace: Backtrace:
GetHandleVerifier [0x00A3A813+48355]
(No symbol) [0x009CC4B1]
(No symbol) [0x008D5358]
(No symbol) [0x008F61AC]
(No symbol) [0x008F1EF3]
(No symbol) [0x008F0579]
(No symbol) [0x00920C55]
(No symbol) [0x0092093C]
(No symbol) [0x0091A536]
(No symbol) [0x008F82DC]
(No symbol) [0x008F93DD]
GetHandleVerifier [0x00C9AABD+2539405]
GetHandleVerifier [0x00CDA78F+2800735]
GetHandleVerifier [0x00CD456C+2775612]
GetHandleVerifier [0x00AC51E0+616112]
(No symbol) [0x009D5F8C]
(No symbol) [0x009D2328]
(No symbol) [0x009D240B]
(No symbol) [0x009C4FF7]
BaseThreadInitThunk [0x757900C9+25]
RtlGetAppContainerNamedObjectPath [0x77357B1E+286]
RtlGetAppContainerNamedObjectPath [0x77357AEE+238]

at org.openqa.selenium.remote.W3CHandshakeResponse.lambda$errorHandler$0(W3CHandshakeResponse.java:62)
at org.openqa.selenium.remote.HandshakeResponse.lambda$getResponseFunction$0(HandshakeResponse.java:30)
at org.openqa.selenium.remote.ProtocolHandshake.lambda$createSession$0(ProtocolHandshake.java:126)
at java.base/java.util.stream.ReferencePipeline$3$1.accept(ReferencePipeline.java:197)
at java.base/java.util.Spliterators$ArraySpliterator.tryAdvance(Spliterators.java:1002)
at java.base/java.util.stream.ReferencePipeline.forEachWithCancel(ReferencePipeline.java:129)
at java.base/java.util.stream.AbstractPipeline.copyIntoWithCancel(AbstractPipeline.java:527)
at java.base/java.util.stream.AbstractPipeline.copyInto(AbstractPipeline.java:513)
at java.base/java.util.stream.AbstractPipeline.wrapAndCopyInto(AbstractPipeline.java:499)
at java.base/java.util.stream.FindOps$FindOp.evaluateSequential(FindOps.java:150)
at java.base/java.util.stream.AbstractPipeline.evaluate(AbstractPipeline.java:234)
at java.base/java.util.stream.ReferencePipeline.findFirst(ReferencePipeline.java:647)
at org.openqa.selenium.remote.ProtocolHandshake.createSession(ProtocolHandshake.java:128)
at org.openqa.selenium.remote.ProtocolHandshake.createSession(ProtocolHandshake.java:74)
at org.openqa.selenium.remote.HttpCommandExecutor.execute(HttpCommandExecutor.java:136)
at org.openqa.selenium.remote.service.DriverCommandExecutor.execute(DriverCommandExecutor.java:83)
at org.openqa.selenium.remote.RemoteWebDriver.execute(RemoteWebDriver.java:552)
at org.openqa.selenium.remote.RemoteWebDriver.startSession(RemoteWebDriver.java:213)
at org.openqa.selenium.remote.RemoteWebDriver.<init>(RemoteWebDriver.java:131)
at org.openqa.selenium.chrome.ChromeDriver.<init>(ChromeDriver.java:181)
at org.openqa.selenium.chrome.ChromeDriver.<init>(ChromeDriver.java:168)
at org.openqa.selenium.chrome.ChromeDriver.<init>(ChromeDriver.java:123)
at com.SwaglabDemo.pageobjects.BaseClass.setup(BaseClass.java:43)
at java.base/java.util.ArrayList.forEach(ArrayList.java:1511)
... Removed 34 stack frames]]>
    </failure>
  </testcase> <!-- @BeforeClass setup -->
  <testcase classname="com.SwaglabDemo.pageobjects.BaseClass" name="@AfterClass teardown" time="0.0">
    <skipped/>
  </testcase> <!-- @AfterClass teardown -->
  <testcase classname="com.SwaglabDemo.testcases.TC_001" name="LoginTest" time="0.0">
    <skipped/>
  </testcase> <!-- LoginTest -->
</testsuite> <!-- Test -->
